# JRE version: Java(TM) SE Runtime Environment (8.0_77-b03) (build 1.8.0_77-b03)
# Java VM: Java HotSpot(TM) 64-Bit Server VM (25.77-b03 mixed mode linux-amd64 compressed oops)
Heap:
 PSYoungGen      total 212480K, used 76154K [0x00000000ec000000, 0x0000000100000000, 0x0000000100000000)
  eden space 103424K, 0% used [0x00000000ec000000,0x00000000ec000000,0x00000000f2500000)
  from space 109056K, 69% used [0x00000000f2500000,0x00000000f6f5ebb0,0x00000000f8f80000)
  to   space 109056K, 0% used [0x00000000f9580000,0x00000000f9580000,0x0000000100000000)
 ParOldGen       total 430592K, used 429624K [0x00000000c4000000, 0x00000000de480000, 0x00000000ec000000)
  object space 430592K, 99% used [0x00000000c4000000,0x00000000de38e3c0,0x00000000de480000)
 Metaspace       used 10669K, capacity 10860K, committed 11136K, reserved 1058816K
  class space    used 1230K, capacity 1318K, committed 1408K, reserved 1048576K
GC Heap History (10 events):
Event: 7,437 GC heap after
Heap after GC invocations=14 (full 4):
 PSYoungGen      total 177664K, used 92576K [0x00000000ec000000, 0x00000000fe380000, 0x0000000100000000)
  eden space 76288K, 0% used [0x00000000ec000000,0x00000000ec000000,0x00000000f0a80000)
  from space 101376K, 91% used [0x00000000f7500000,0x00000000fcf68000,0x00000000fd800000)
  to   space 109056K, 0% used [0x00000000f0a80000,0x00000000f0a80000,0x00000000f7500000)
 ParOldGen       total 294912K, used 200149K [0x00000000c4000000, 0x00000000d6000000, 0x00000000ec000000)
  object space 294912K, 67% used [0x00000000c4000000,0x00000000d0375718,0x00000000d6000000)
 Metaspace       used 10669K, capacity 10860K, committed 11136K, reserved 1058816K
  class space    used 1230K, capacity 1318K, committed 1408K, reserved 1048576K
}
Event: 7,461 GC heap before
{Heap before GC invocations=15 (full 4):
 PSYoungGen      total 177664K, used 164828K [0x00000000ec000000, 0x00000000fe380000, 0x0000000100000000)
  eden space 76288K, 94% used [0x00000000ec000000,0x00000000f068f018,0x00000000f0a80000)
  from space 101376K, 91% used [0x00000000f7500000,0x00000000fcf68000,0x00000000fd800000)
  to   space 109056K, 0% used [0x00000000f0a80000,0x00000000f0a80000,0x00000000f7500000)
 ParOldGen       total 294912K, used 200149K [0x00000000c4000000, 0x00000000d6000000, 0x00000000ec000000)
  object space 294912K, 67% used [0x00000000c4000000,0x00000000d0375718,0x00000000d6000000)
 Metaspace       used 10669K, capacity 10860K, committed 11136K, reserved 1058816K
  class space    used 1230K, capacity 1318K, committed 1408K, reserved 1048576K
Event: 7,895 GC heap after
Heap after GC invocations=15 (full 4):
 PSYoungGen      total 185344K, used 109056K [0x00000000ec000000, 0x00000000ffa00000, 0x0000000100000000)
  eden space 76288K, 0% used [0x00000000ec000000,0x00000000ec000000,0x00000000f0a80000)
  from space 109056K, 100% used [0x00000000f0a80000,0x00000000f7500000,0x00000000f7500000)
  to   space 109056K, 0% used [0x00000000f8f80000,0x00000000f8f80000,0x00000000ffa00000)
 ParOldGen       total 294912K, used 255901K [0x00000000c4000000, 0x00000000d6000000, 0x00000000ec000000)
  object space 294912K, 86% used [0x00000000c4000000,0x00000000d39e7718,0x00000000d6000000)
 Metaspace       used 10669K, capacity 10860K, committed 11136K, reserved 1058816K
  class space    used 1230K, capacity 1318K, committed 1408K, reserved 1048576K
}
Event: 7,895 GC heap before
{Heap before GC invocations=16 (full 5):
 PSYoungGen      total 185344K, used 109056K [0x00000000ec000000, 0x00000000ffa00000, 0x0000000100000000)
  eden space 76288K, 0% used [0x00000000ec000000,0x00000000ec000000,0x00000000f0a80000)
  from space 109056K, 100% used [0x00000000f0a80000,0x00000000f7500000,0x00000000f7500000)
  to   space 109056K, 0% used [0x00000000f8f80000,0x00000000f8f80000,0x00000000ffa00000)
 ParOldGen       total 294912K, used 255901K [0x00000000c4000000, 0x00000000d6000000, 0x00000000ec000000)
  object space 294912K, 86% used [0x00000000c4000000,0x00000000d39e7718,0x00000000d6000000)
 Metaspace       used 10669K, capacity 10860K, committed 11136K, reserved 1058816K
  class space    used 1230K, capacity 1318K, committed 1408K, reserved 1048576K
Event: 10,539 GC heap after
Heap after GC invocations=16 (full 5):
 PSYoungGen      total 185344K, used 70097K [0x00000000ec000000, 0x00000000ffa00000, 0x0000000100000000)
  eden space 76288K, 0% used [0x00000000ec000000,0x00000000ec000000,0x00000000f0a80000)
  from space 109056K, 64% used [0x00000000f0a80000,0x00000000f4ef4670,0x00000000f7500000)
  to   space 109056K, 0% used [0x00000000f8f80000,0x00000000f8f80000,0x00000000ffa00000)
 ParOldGen       total 411648K, used 294614K [0x00000000c4000000, 0x00000000dd200000, 0x00000000ec000000)
  object space 411648K, 71% used [0x00000000c4000000,0x00000000d5fb5b28,0x00000000dd200000)
 Metaspace       used 10669K, capacity 10860K, committed 11136K, reserved 1058816K
  class space    used 1230K, capacity 1318K, committed 1408K, reserved 1048576K
}
Event: 10,572 GC heap before
{Heap before GC invocations=17 (full 5):
 PSYoungGen      total 185344K, used 146385K [0x00000000ec000000, 0x00000000ffa00000, 0x0000000100000000)
  eden space 76288K, 100% used [0x00000000ec000000,0x00000000f0a80000,0x00000000f0a80000)
  from space 109056K, 64% used [0x00000000f0a80000,0x00000000f4ef4670,0x00000000f7500000)
  to   space 109056K, 0% used [0x00000000f8f80000,0x00000000f8f80000,0x00000000ffa00000)
 ParOldGen       total 411648K, used 294614K [0x00000000c4000000, 0x00000000dd200000, 0x00000000ec000000)
  object space 411648K, 71% used [0x00000000c4000000,0x00000000d5fb5b28,0x00000000dd200000)
 Metaspace       used 10669K, capacity 10860K, committed 11136K, reserved 1058816K
  class space    used 1230K, capacity 1318K, committed 1408K, reserved 1048576K
Event: 10,873 GC heap after
Heap after GC invocations=17 (full 5):
 PSYoungGen      total 206848K, used 109024K [0x00000000ec000000, 0x00000000ffa00000, 0x0000000100000000)
  eden space 97792K, 0% used [0x00000000ec000000,0x00000000ec000000,0x00000000f1f80000)
  from space 109056K, 99% used [0x00000000f8f80000,0x00000000ff9f8020,0x00000000ffa00000)
  to   space 109056K, 0% used [0x00000000f2500000,0x00000000f2500000,0x00000000f8f80000)
 ParOldGen       total 411648K, used 332014K [0x00000000c4000000, 0x00000000dd200000, 0x00000000ec000000)
  object space 411648K, 80% used [0x00000000c4000000,0x00000000d843bb28,0x00000000dd200000)
 Metaspace       used 10669K, capacity 10860K, committed 11136K, reserved 1058816K
  class space    used 1230K, capacity 1318K, committed 1408K, reserved 1048576K
}
Event: 10,923 GC heap before
{Heap before GC invocations=18 (full 5):
 PSYoungGen      total 206848K, used 206816K [0x00000000ec000000, 0x00000000ffa00000, 0x0000000100000000)
  eden space 97792K, 100% used [0x00000000ec000000,0x00000000f1f80000,0x00000000f1f80000)
  from space 109056K, 99% used [0x00000000f8f80000,0x00000000ff9f8020,0x00000000ffa00000)
  to   space 109056K, 0% used [0x00000000f2500000,0x00000000f2500000,0x00000000f8f80000)
 ParOldGen       total 411648K, used 332014K [0x00000000c4000000, 0x00000000dd200000, 0x00000000ec000000)
  object space 411648K, 80% used [0x00000000c4000000,0x00000000d843bb28,0x00000000dd200000)
 Metaspace       used 10669K, capacity 10860K, committed 11136K, reserved 1058816K
  class space    used 1230K, capacity 1318K, committed 1408K, reserved 1048576K
Event: 11,210 GC heap after
Heap after GC invocations=18 (full 5):
 PSYoungGen      total 212480K, used 109024K [0x00000000ec000000, 0x0000000100000000, 0x0000000100000000)
  eden space 103424K, 0% used [0x00000000ec000000,0x00000000ec000000,0x00000000f2500000)
  from space 109056K, 99% used [0x00000000f2500000,0x00000000f8f78020,0x00000000f8f80000)
  to   space 109056K, 0% used [0x00000000f9580000,0x00000000f9580000,0x0000000100000000)
 ParOldGen       total 430592K, used 430086K [0x00000000c4000000, 0x00000000de480000, 0x00000000ec000000)
  object space 430592K, 99% used [0x00000000c4000000,0x00000000de401b28,0x00000000de480000)
 Metaspace       used 10669K, capacity 10860K, committed 11136K, reserved 1058816K
  class space    used 1230K, capacity 1318K, committed 1408K, reserved 1048576K
}
Event: 11,210 GC heap before
{Heap before GC invocations=19 (full 6):
 PSYoungGen      total 212480K, used 109024K [0x00000000ec000000, 0x0000000100000000, 0x0000000100000000)
  eden space 103424K, 0% used [0x00000000ec000000,0x00000000ec000000,0x00000000f2500000)
  from space 109056K, 99% used [0x00000000f2500000,0x00000000f8f78020,0x00000000f8f80000)
  to   space 109056K, 0% used [0x00000000f9580000,0x00000000f9580000,0x0000000100000000)
 ParOldGen       total 430592K, used 430086K [0x00000000c4000000, 0x00000000de480000, 0x00000000ec000000)
  object space 430592K, 99% used [0x00000000c4000000,0x00000000de401b28,0x00000000de480000)
 Metaspace       used 10669K, capacity 10860K, committed 11136K, reserved 1058816K
  class space    used 1230K, capacity 1318K, committed 1408K, reserved 1048576K

